<?xml version="1.0" encoding="UTF-8"?>
<TestRun id="41045397-0d9a-416c-9349-9855bf44425f" name="priscila.sato@AST0113 2013-02-13 15:55:12" runUser="ASTREINSA\priscila.sato" xmlns="http://microsoft.com/schemas/VisualStudio/TeamTest/2010">
  <TestSettings name="Local" id="f5afc4ca-a0be-4c76-ae28-22567154e1a2">
    <Description>These are default test settings for a local test run.</Description>
    <Deployment enabled="false" runDeploymentRoot="priscila.sato_AST0113 2013-02-13 15_55_12">
      <DeploymentItem filename="C:\Users\priscila.sato\Documents\GitHub\Entity-Framework-Laboratory\Dinamic-ConnectionString\DCS.Model\bin\Debug\DCS.Model.dll" />
    </Deployment>
    <Execution>
      <TestTypeSpecific />
      <AgentRule name="Execution Agents">
      </AgentRule>
    </Execution>
  </TestSettings>
  <Times creation="2013-02-13T15:55:12.0704190-02:00" queuing="2013-02-13T15:55:14.1146234-02:00" start="2013-02-13T15:55:14.2186338-02:00" finish="2013-02-13T15:55:14.8156935-02:00" />
  <ResultSummary outcome="Completed">
    <Counters total="2" executed="2" passed="2" error="0" failed="0" timeout="0" aborted="0" inconclusive="0" passedButRunAborted="0" notRunnable="0" notExecuted="0" disconnected="0" warning="0" completed="0" inProgress="0" pending="0" />
  </ResultSummary>
  <TestDefinitions>
    <UnitTest name="Create_New_User_Get_Valid_Id" storage="c:\users\priscila.sato\documents\github\entity-framework-laboratory\dinamic-connectionstring\dcs.test\bin\debug\dcs.test.dll" id="522f2857-c742-7238-2460-99fbe00e85ca">
      <Execution id="7cd7a6cc-938c-4ab8-801b-397039f006c6" />
      <TestMethod codeBase="C:/Users/priscila.sato/Documents/GitHub/Entity-Framework-Laboratory/Dinamic-ConnectionString/DCS.Test/bin/Debug/DCS.Test.DLL" adapterTypeName="Microsoft.VisualStudio.TestTools.TestTypes.Unit.UnitTestAdapter, Microsoft.VisualStudio.QualityTools.Tips.UnitTest.Adapter, Version=10.0.0.0, Culture=neutral, PublicKeyToken=b03f5f7f11d50a3a" className="DCS.Busines.Test.UserBlTest, DCS.Test, Version=1.0.0.0, Culture=neutral, PublicKeyToken=null" name="Create_New_User_Get_Valid_Id" />
    </UnitTest>
    <UnitTest name="TestMethod1" storage="c:\users\priscila.sato\documents\github\entity-framework-laboratory\dinamic-connectionstring\dcs.test\bin\debug\dcs.test.dll" id="a8a6e824-50d1-1635-0a6a-3db0f8a9b65a">
      <Execution id="66d098e7-4a6e-4d99-aece-e655cb61256d" />
      <TestMethod codeBase="C:/Users/priscila.sato/Documents/GitHub/Entity-Framework-Laboratory/Dinamic-ConnectionString/DCS.Test/bin/Debug/DCS.Test.DLL" adapterTypeName="Microsoft.VisualStudio.TestTools.TestTypes.Unit.UnitTestAdapter, Microsoft.VisualStudio.QualityTools.Tips.UnitTest.Adapter, Version=10.0.0.0, Culture=neutral, PublicKeyToken=b03f5f7f11d50a3a" className="DCS.Test.ExempleBlTest, DCS.Test, Version=1.0.0.0, Culture=neutral, PublicKeyToken=null" name="TestMethod1" />
    </UnitTest>
  </TestDefinitions>
  <TestLists>
    <TestList name="Results Not in a List" id="8c84fa94-04c1-424b-9868-57a2d4851a1d" />
    <TestList name="All Loaded Results" id="19431567-8539-422a-85d7-44ee4e166bda" />
  </TestLists>
  <TestEntries>
    <TestEntry testId="522f2857-c742-7238-2460-99fbe00e85ca" executionId="7cd7a6cc-938c-4ab8-801b-397039f006c6" testListId="8c84fa94-04c1-424b-9868-57a2d4851a1d" />
    <TestEntry testId="a8a6e824-50d1-1635-0a6a-3db0f8a9b65a" executionId="66d098e7-4a6e-4d99-aece-e655cb61256d" testListId="8c84fa94-04c1-424b-9868-57a2d4851a1d" />
  </TestEntries>
  <Results>
    <UnitTestResult executionId="7cd7a6cc-938c-4ab8-801b-397039f006c6" testId="522f2857-c742-7238-2460-99fbe00e85ca" testName="Create_New_User_Get_Valid_Id" computerName="AST0113" duration="00:00:00.0363786" startTime="2013-02-13T15:55:14.2656385-02:00" endTime="2013-02-13T15:55:14.6976817-02:00" testType="13cdc9d9-ddb5-4fa4-a97d-d965ccfc6d4b" outcome="Passed" testListId="8c84fa94-04c1-424b-9868-57a2d4851a1d" relativeResultsDirectory="7cd7a6cc-938c-4ab8-801b-397039f006c6">
    </UnitTestResult>
    <UnitTestResult executionId="66d098e7-4a6e-4d99-aece-e655cb61256d" testId="a8a6e824-50d1-1635-0a6a-3db0f8a9b65a" testName="TestMethod1" computerName="AST0113" duration="00:00:00.0008052" startTime="2013-02-13T15:55:14.7136833-02:00" endTime="2013-02-13T15:55:14.7266846-02:00" testType="13cdc9d9-ddb5-4fa4-a97d-d965ccfc6d4b" outcome="Passed" testListId="8c84fa94-04c1-424b-9868-57a2d4851a1d" relativeResultsDirectory="66d098e7-4a6e-4d99-aece-e655cb61256d">
    </UnitTestResult>
  </Results>
</TestRun>